<?xml version="1.0" encoding="UTF-8"?>
<!-- Generated by org.testng.reporters.JUnitReportReporter -->
<testsuite hostname="DESKTOP-IUN6EFA" failures="0" tests="1" name="testpkg.saucetest" time="7.851" errors="0" timestamp="2024-08-29T11:37:04 IST" skipped="0">
  <testcase classname="testpkg.saucetest" name="verifyLoginWithValidCred" time="7.851"/>
</testsuite> <!-- testpkg.saucetest -->
